<?xml version="1.0" encoding="UTF-8"?>
<testng-results ignored="0" total="2" passed="2" failed="0" skipped="0">
  <reporter-output>
  </reporter-output>
  <suite started-at="2023-02-02T20:26:24 IST" name="Default suite" finished-at="2023-02-02T20:26:31 IST" duration-ms="6996">
    <groups>
    </groups>
    <test started-at="2023-02-02T20:26:24 IST" name="Default test" finished-at="2023-02-02T20:26:31 IST" duration-ms="6996">
      <class name="Testclass.Htest">
        <test-method is-config="true" signature="setup()[pri:0, instance:Testclass.Htest@4c1909a3]" started-at="2023-02-02T20:25:53 IST" name="setup" finished-at="2023-02-02T20:26:24 IST" duration-ms="31456" status="PASS">
          <reporter-output>
          </reporter-output>
        </test-method> <!-- setup -->
        <test-method signature="LPage()[pri:0, instance:Testclass.Htest@4c1909a3]" started-at="2023-02-02T20:26:25 IST" name="LPage" finished-at="2023-02-02T20:26:31 IST" duration-ms="6870" status="PASS">
          <reporter-output>
          </reporter-output>
        </test-method> <!-- LPage -->
        <test-method signature="test1()[pri:0, instance:Testclass.Htest@4c1909a3]" started-at="2023-02-02T20:26:31 IST" name="test1" finished-at="2023-02-02T20:26:31 IST" duration-ms="55" status="PASS">
          <reporter-output>
          </reporter-output>
        </test-method> <!-- test1 -->
        <test-method is-config="true" signature="teardown(org.testng.ITestResult)[pri:0, instance:Testclass.Htest@4c1909a3]" started-at="2023-02-02T20:26:31 IST" name="teardown" finished-at="1970-01-01T05:30:00 IST" duration-ms="-1675349791989" status="FAIL">
          <exception class="org.testng.TestNGException">
            <message>
              <![CDATA[
Can inject only one of <ITestContext, XmlTest> into a @AfterSuite annotated teardown.
For more information on native dependency injection please refer to https://testng.org/doc/documentation-main.html#native-dependency-injection]]>
            </message>
            <full-stacktrace>
              <![CDATA[org.testng.TestNGException: 
Can inject only one of <ITestContext, XmlTest> into a @AfterSuite annotated teardown.
For more information on native dependency injection please refer to https://testng.org/doc/documentation-main.html#native-dependency-injection
at org.testng.internal.Parameters.checkParameterTypes(Parameters.java:439)
at org.testng.internal.Parameters.createParametersForMethod(Parameters.java:353)
at org.testng.internal.Parameters.createParameters(Parameters.java:708)
at org.testng.internal.Parameters.createConfigurationParameters(Parameters.java:168)
at org.testng.internal.ConfigInvoker.invokeConfigurations(ConfigInvoker.java:302)
at org.testng.SuiteRunner.privateRun(SuiteRunner.java:344)
at org.testng.SuiteRunner.run(SuiteRunner.java:276)
at org.testng.SuiteRunnerWorker.runSuite(SuiteRunnerWorker.java:53)
at org.testng.SuiteRunnerWorker.run(SuiteRunnerWorker.java:96)
at org.testng.TestNG.runSuitesSequentially(TestNG.java:1212)
at org.testng.TestNG.runSuitesLocally(TestNG.java:1134)
at org.testng.TestNG.runSuites(TestNG.java:1063)
at org.testng.TestNG.run(TestNG.java:1031)
at org.testng.remote.AbstractRemoteTestNG.run(AbstractRemoteTestNG.java:115)
at org.testng.remote.RemoteTestNG.initAndRun(RemoteTestNG.java:251)
at org.testng.remote.RemoteTestNG.main(RemoteTestNG.java:77)
]]>
            </full-stacktrace>
          </exception> <!-- org.testng.TestNGException -->
          <reporter-output>
          </reporter-output>
        </test-method> <!-- teardown -->
      </class> <!-- Testclass.Htest -->
    </test> <!-- Default test -->
  </suite> <!-- Default suite -->
</testng-results>
