<?xml version="1.0" encoding="UTF-8"?>
<testng-results ignored="0" total="2" passed="2" failed="0" skipped="0">
  <reporter-output>
  </reporter-output>
  <suite started-at="2023-02-01T16:31:34 IST" name="Default suite" finished-at="2023-02-01T16:31:49 IST" duration-ms="15321">
    <groups>
    </groups>
    <test started-at="2023-02-01T16:31:34 IST" name="Default test" finished-at="2023-02-01T16:31:49 IST" duration-ms="15321">
      <class name="Testclass.Htest">
        <test-method is-config="true" signature="setup()[pri:0, instance:Testclass.Htest@54a7079e]" started-at="2023-02-01T16:31:22 IST" name="setup" finished-at="2023-02-01T16:31:34 IST" duration-ms="11759" status="PASS">
          <reporter-output>
          </reporter-output>
        </test-method> <!-- setup -->
        <test-method signature="LPage()[pri:0, instance:Testclass.Htest@54a7079e]" started-at="2023-02-01T16:31:34 IST" name="LPage" finished-at="2023-02-01T16:31:48 IST" duration-ms="14082" status="PASS">
          <reporter-output>
          </reporter-output>
        </test-method> <!-- LPage -->
        <test-method signature="test1()[pri:0, instance:Testclass.Htest@54a7079e]" started-at="2023-02-01T16:31:48 IST" name="test1" finished-at="2023-02-01T16:31:49 IST" duration-ms="1152" status="PASS">
          <reporter-output>
          </reporter-output>
        </test-method> <!-- test1 -->
        <test-method is-config="true" signature="teardown()[pri:0, instance:Testclass.Htest@54a7079e]" started-at="2023-02-01T16:31:49 IST" name="teardown" finished-at="2023-02-01T16:31:50 IST" duration-ms="688" status="PASS">
          <reporter-output>
          </reporter-output>
        </test-method> <!-- teardown -->
      </class> <!-- Testclass.Htest -->
    </test> <!-- Default test -->
  </suite> <!-- Default suite -->
</testng-results>
